Arguments: 
  /usr/local/Cellar/node/16.2.0/bin/node /usr/local/Cellar/yarn/1.22.10/libexec/bin/yarn.js install

PATH: 
  /usr/local/bin:/usr/bin:/bin:/usr/sbin:/sbin:/usr/local/sbin:/usr/local/go/bin:/usr/local/munki:/Library/Apple/usr/bin:/Users/lw12818/.cargo/bin:/usr/local/mysql/bin/:/usr/local/sbin

Yarn version: 
  1.22.10

Node version: 
  16.2.0

Platform: 
  darwin x64

Trace: 
  Error: self signed certificate in certificate chain
      at TLSSocket.onConnectSecure (node:_tls_wrap:1541:34)
      at TLSSocket.emit (node:events:365:28)
      at TLSSocket._finishInit (node:_tls_wrap:952:8)
      at TLSWrap.ssl.onhandshakedone (node:_tls_wrap:723:12)

npm manifest: 
  {
    "main": "node_modules/expo/AppEntry.js",
    "scripts": {
      "start": "expo start",
      "android": "expo start --android",
      "ios": "expo start --ios",
      "web": "expo start --web",
      "eject": "expo eject"
    },
    "dependencies": {
      "expo": "~41.0.1",
      "expo-status-bar": "~1.0.4",
      "react": "16.13.1",
      "react-dom": "16.13.1",
      "react-native": "https://github.com/expo/react-native/archive/sdk-41.0.0.tar.gz",
      "react-native-web": "~0.13.12"
    },
    "devDependencies": {
      "@babel/core": "^7.9.0"
    },
    "private": true
  }

yarn manifest: 
  No manifest

Lockfile: 
  No lockfile
